2024-12-13T03:35:31.343+05:00  INFO 5680 --- [akio.server] [restartedMain] c.a.a.AkioRestServerApplication          : Starting AkioRestServerApplication using Java 22.0.1 with PID 5680 (C:\Users\user\Desktop\GitHub\akio\server\target\classes started by user in C:\Users\user\Desktop\GitHub\akio\server)
2024-12-13T03:35:31.374+05:00  INFO 5680 --- [akio.server] [restartedMain] c.a.a.AkioRestServerApplication          : The following 1 profile is active: "prod"
2024-12-13T03:35:31.484+05:00  INFO 5680 --- [akio.server] [restartedMain] .e.DevToolsPropertyDefaultsPostProcessor : Devtools property defaults active! Set 'spring.devtools.add-properties' to 'false' to disable
2024-12-13T03:35:31.484+05:00  INFO 5680 --- [akio.server] [restartedMain] .e.DevToolsPropertyDefaultsPostProcessor : For additional web related logging consider setting the 'logging.level.web' property to 'DEBUG'
2024-12-13T03:35:34.032+05:00  INFO 5680 --- [akio.server] [restartedMain] .s.d.r.c.RepositoryConfigurationDelegate : Bootstrapping Spring Data JPA repositories in DEFAULT mode.
2024-12-13T03:35:34.296+05:00  INFO 5680 --- [akio.server] [restartedMain] .s.d.r.c.RepositoryConfigurationDelegate : Finished Spring Data repository scanning in 252 ms. Found 9 JPA repository interfaces.
2024-12-13T03:35:37.843+05:00  INFO 5680 --- [akio.server] [restartedMain] o.s.b.w.embedded.tomcat.TomcatWebServer  : Tomcat initialized with port 7777 (https)
2024-12-13T03:35:37.890+05:00  INFO 5680 --- [akio.server] [restartedMain] o.apache.catalina.core.StandardService   : Starting service [Tomcat]
2024-12-13T03:35:37.890+05:00  INFO 5680 --- [akio.server] [restartedMain] o.apache.catalina.core.StandardEngine    : Starting Servlet engine: [Apache Tomcat/10.1.25]
2024-12-13T03:35:37.984+05:00  INFO 5680 --- [akio.server] [restartedMain] o.a.c.c.C.[Tomcat].[localhost].[/]       : Initializing Spring embedded WebApplicationContext
2024-12-13T03:35:37.984+05:00  INFO 5680 --- [akio.server] [restartedMain] w.s.c.ServletWebServerApplicationContext : Root WebApplicationContext: initialization completed in 6500 ms
2024-12-13T03:35:38.656+05:00  INFO 5680 --- [akio.server] [restartedMain] com.zaxxer.hikari.HikariDataSource       : HikariPool-1 - Starting...
2024-12-13T03:35:43.813+05:00  INFO 5680 --- [akio.server] [restartedMain] com.zaxxer.hikari.pool.HikariPool        : HikariPool-1 - Added connection com.mysql.cj.jdbc.ConnectionImpl@7ae834aa
2024-12-13T03:35:43.813+05:00  INFO 5680 --- [akio.server] [restartedMain] com.zaxxer.hikari.HikariDataSource       : HikariPool-1 - Start completed.
2024-12-13T03:35:43.891+05:00  INFO 5680 --- [akio.server] [restartedMain] o.hibernate.jpa.internal.util.LogHelper  : HHH000204: Processing PersistenceUnitInfo [name: default]
2024-12-13T03:35:44.002+05:00  INFO 5680 --- [akio.server] [restartedMain] org.hibernate.Version                    : HHH000412: Hibernate ORM core version 6.5.2.Final
2024-12-13T03:35:44.093+05:00  INFO 5680 --- [akio.server] [restartedMain] o.h.c.internal.RegionFactoryInitiator    : HHH000026: Second-level cache disabled
2024-12-13T03:35:44.765+05:00  INFO 5680 --- [akio.server] [restartedMain] o.s.o.j.p.SpringPersistenceUnitInfo      : No LoadTimeWeaver setup: ignoring JPA class transformer
2024-12-13T03:35:46.426+05:00  INFO 5680 --- [akio.server] [restartedMain] o.h.e.t.j.p.i.JtaPlatformInitiator       : HHH000489: No JTA platform available (set 'hibernate.transaction.jta.platform' to enable JTA platform integration)
2024-12-13T03:35:46.426+05:00  INFO 5680 --- [akio.server] [restartedMain] j.LocalContainerEntityManagerFactoryBean : Initialized JPA EntityManagerFactory for persistence unit 'default'
2024-12-13T03:35:47.093+05:00  INFO 5680 --- [akio.server] [restartedMain] o.s.s.p.JdbcUserDetailsManager           : No authentication manager set. Reauthentication of users when changing passwords will not be performed.
2024-12-13T03:35:47.173+05:00  INFO 5680 --- [akio.server] [restartedMain] o.s.d.j.r.query.QueryEnhancerFactory     : Hibernate is in classpath; If applicable, HQL parser will be used.
2024-12-13T03:35:53.665+05:00  WARN 5680 --- [akio.server] [Thread-4] o.o.selenium.devtools.CdpVersionFinder   : Unable to find CDP implementation matching 131
2024-12-13T03:35:53.666+05:00  WARN 5680 --- [akio.server] [Thread-4] o.o.selenium.chromium.ChromiumDriver     : Unable to find version of CDP to use for 131.0.2903.86. You may need to include a dependency on a specific version of the CDP using something similar to `org.seleniumhq.selenium:selenium-devtools-v86:4.19.1` where the version ("v86") matches the version of the chromium-based browser you're using and the version number of the artifact is the same as Selenium's.
2024-12-13T03:35:54.000+05:00  WARN 5680 --- [akio.server] [restartedMain] JpaBaseConfiguration$JpaWebConfiguration : spring.jpa.open-in-view is enabled by default. Therefore, database queries may be performed during view rendering. Explicitly configure spring.jpa.open-in-view to disable this warning
2024-12-13T03:35:54.171+05:00  INFO 5680 --- [akio.server] [restartedMain] r$InitializeUserDetailsManagerConfigurer : Global AuthenticationManager configured with UserDetailsService bean with name userDetailsManager
2024-12-13T03:35:57.515+05:00  INFO 5680 --- [akio.server] [restartedMain] o.s.b.d.a.OptionalLiveReloadServer       : LiveReload server is running on port 35729
2024-12-13T03:35:57.562+05:00  WARN 5680 --- [akio.server] [restartedMain] ConfigServletWebServerApplicationContext : Exception encountered during context initialization - cancelling refresh attempt: org.springframework.context.ApplicationContextException: Failed to start bean 'webServerStartStop'
2024-12-13T03:35:57.828+05:00  INFO 5680 --- [akio.server] [restartedMain] j.LocalContainerEntityManagerFactoryBean : Closing JPA EntityManagerFactory for persistence unit 'default'
2024-12-13T03:35:57.843+05:00  INFO 5680 --- [akio.server] [restartedMain] com.zaxxer.hikari.HikariDataSource       : HikariPool-1 - Shutdown initiated...
2024-12-13T03:35:57.859+05:00  INFO 5680 --- [akio.server] [restartedMain] com.zaxxer.hikari.HikariDataSource       : HikariPool-1 - Shutdown completed.
2024-12-13T03:35:57.890+05:00  INFO 5680 --- [akio.server] [restartedMain] .s.b.a.l.ConditionEvaluationReportLogger : 

Error starting ApplicationContext. To display the condition evaluation report re-run your application with 'debug' enabled.
2024-12-13T03:35:57.921+05:00 ERROR 5680 --- [akio.server] [restartedMain] o.s.b.d.LoggingFailureAnalysisReporter   : 

***************************
APPLICATION FAILED TO START
***************************

Description:

Web server failed to start. Port 7777 was already in use.

Action:

Identify and stop the process that's listening on port 7777 or configure this application to listen on another port.

